  CCircleDecorator.cpp
  CRectangleDecorator.cpp
  CRectangleDecorator.h
  CTriangleDecorator.cpp
  main.cpp
C:\Users\krill_000\source\repos\OOD\OOD-2\lab_02\figure\main.cpp(63,71): warning C4244: аргумент: преобразование "int" в "T", возможна потеря данных
          with
          [
              T=float
          ]
C:\Users\krill_000\source\repos\OOD\OOD-2\lab_02\figure\main.cpp(63,42): warning C4244: аргумент: преобразование "int" в "T", возможна потеря данных
          with
          [
              T=float
          ]
C:\Users\krill_000\source\repos\OOD\OOD-2\lab_02\figure\main.cpp(64,47): warning C4244: аргумент: преобразование "int" в "T", возможна потеря данных
          with
          [
              T=float
          ]
C:\Users\krill_000\source\repos\OOD\OOD-2\lab_02\figure\main.cpp(64,33): warning C4244: аргумент: преобразование "int" в "T", возможна потеря данных
          with
          [
              T=float
          ]
C:\Users\krill_000\source\repos\OOD\OOD-2\lab_02\figure\main.cpp(73,46): warning C4244: аргумент: преобразование "int" в "T", возможна потеря данных
          with
          [
              T=float
          ]
C:\Users\krill_000\source\repos\OOD\OOD-2\lab_02\figure\main.cpp(73,35): warning C4244: аргумент: преобразование "int" в "T", возможна потеря данных
          with
          [
              T=float
          ]
C:\Users\krill_000\source\repos\OOD\OOD-2\lab_02\figure\main.cpp(74,46): warning C4244: аргумент: преобразование "int" в "T", возможна потеря данных
          with
          [
              T=float
          ]
C:\Users\krill_000\source\repos\OOD\OOD-2\lab_02\figure\main.cpp(74,35): warning C4244: аргумент: преобразование "int" в "T", возможна потеря данных
          with
          [
              T=float
          ]
C:\Users\krill_000\source\repos\OOD\OOD-2\lab_02\figure\main.cpp(75,46): warning C4244: аргумент: преобразование "int" в "T", возможна потеря данных
          with
          [
              T=float
          ]
C:\Users\krill_000\source\repos\OOD\OOD-2\lab_02\figure\main.cpp(75,35): warning C4244: аргумент: преобразование "int" в "T", возможна потеря данных
          with
          [
              T=float
          ]
C:\Users\krill_000\source\repos\OOD\OOD-2\lab_02\figure\main.cpp(82,34): warning C4244: аргумент: преобразование "int" в "float", возможна потеря данных
C:\Users\krill_000\source\repos\OOD\OOD-2\lab_02\figure\main.cpp(83,33): warning C4244: аргумент: преобразование "int" в "float", возможна потеря данных
C:\Users\krill_000\source\repos\OOD\OOD-2\lab_02\figure\main.cpp(83,23): warning C4244: аргумент: преобразование "int" в "float", возможна потеря данных
  Создание кода...
x64\Debug\CRectangleDecorator.obj : warning LNK4042: объект указан более одного раза; лишние не учитываются
  figure.vcxproj -> C:\Users\krill_000\source\repos\OOD\OOD-2\lab_02\figure\x64\Debug\figure.exe
