c:\users\krill_000\source\repos\ood\ood-2\lab_02\figure\x64\debug\vc142.pdb
c:\users\krill_000\source\repos\ood\ood-2\lab_02\figure\x64\debug\vc142.idb
c:\users\krill_000\source\repos\ood\ood-2\lab_02\figure\x64\debug\main.obj
c:\users\krill_000\source\repos\ood\ood-2\lab_02\figure\x64\debug\ctriangledecorator.obj
c:\users\krill_000\source\repos\ood\ood-2\lab_02\figure\x64\debug\cshapecomposite.obj
c:\users\krill_000\source\repos\ood\ood-2\lab_02\figure\x64\debug\crectangledecorator.obj
c:\users\krill_000\source\repos\ood\ood-2\lab_02\figure\x64\debug\ccircledecorator.obj
c:\users\krill_000\source\repos\ood\ood-2\lab_02\figure\x64\debug\ishapedecorator.obj
c:\users\krill_000\source\repos\ood\ood-2\lab_02\figure\x64\debug\figure.pdb
c:\users\krill_000\source\repos\ood\ood-2\lab_02\figure\x64\debug\figure.tlog\cl.command.1.tlog
c:\users\krill_000\source\repos\ood\ood-2\lab_02\figure\x64\debug\figure.tlog\cl.read.1.tlog
c:\users\krill_000\source\repos\ood\ood-2\lab_02\figure\x64\debug\figure.tlog\cl.write.1.tlog
c:\users\krill_000\source\repos\ood\ood-2\lab_02\figure\x64\debug\figure.tlog\link.15580-cvtres.read.1.tlog
c:\users\krill_000\source\repos\ood\ood-2\lab_02\figure\x64\debug\figure.tlog\link.15580-cvtres.write.1.tlog
c:\users\krill_000\source\repos\ood\ood-2\lab_02\figure\x64\debug\figure.tlog\link.15580-rc.read.1.tlog
c:\users\krill_000\source\repos\ood\ood-2\lab_02\figure\x64\debug\figure.tlog\link.15580-rc.write.1.tlog
c:\users\krill_000\source\repos\ood\ood-2\lab_02\figure\x64\debug\figure.tlog\link.15580.read.1.tlog
c:\users\krill_000\source\repos\ood\ood-2\lab_02\figure\x64\debug\figure.tlog\link.15580.write.1.tlog
c:\users\krill_000\source\repos\ood\ood-2\lab_02\figure\x64\debug\figure.tlog\link.command.1.tlog
c:\users\krill_000\source\repos\ood\ood-2\lab_02\figure\x64\debug\figure.tlog\link.read.1.tlog
c:\users\krill_000\source\repos\ood\ood-2\lab_02\figure\x64\debug\figure.tlog\link.write.1.tlog
